[debug] [2025-09-12T22:07:40.253Z] ----------------------------------------------------------------------
[debug] [2025-09-12T22:07:40.256Z] Command:       C:\Program Files\nodejs\node.exe C:\Users\Rachix\AppData\Roaming\npm\node_modules\firebase-tools\lib\bin\firebase.js deploy
[debug] [2025-09-12T22:07:40.256Z] CLI Version:   14.16.0
[debug] [2025-09-12T22:07:40.256Z] Platform:      win32
[debug] [2025-09-12T22:07:40.256Z] Node Version:  v20.12.0
[debug] [2025-09-12T22:07:40.256Z] Time:          Fri Sep 12 2025 19:07:40 GMT-0300 (hora estándar de Brasilia)
[debug] [2025-09-12T22:07:40.257Z] ----------------------------------------------------------------------
[debug] 
[debug] [2025-09-12T22:07:40.476Z] > command requires scopes: ["email","openid","https://www.googleapis.com/auth/cloudplatformprojects.readonly","https://www.googleapis.com/auth/firebase","https://www.googleapis.com/auth/cloud-platform"]
[debug] [2025-09-12T22:07:40.477Z] > authorizing via signed-in user (rachel05garcia05@gmail.com)
[debug] [2025-09-12T22:07:40.477Z] [iam] checking project revistatechno for permissions ["firebase.projects.get","firebasehosting.sites.update"]
[debug] [2025-09-12T22:07:40.478Z] Checked if tokens are valid: true, expires at: 1757717682230
[debug] [2025-09-12T22:07:40.479Z] Checked if tokens are valid: true, expires at: 1757717682230
[debug] [2025-09-12T22:07:40.480Z] >>> [apiv2][query] POST https://cloudresourcemanager.googleapis.com/v1/projects/revistatechno:testIamPermissions [none]
[debug] [2025-09-12T22:07:40.480Z] >>> [apiv2][(partial)header] POST https://cloudresourcemanager.googleapis.com/v1/projects/revistatechno:testIamPermissions x-goog-quota-user=projects/revistatechno
[debug] [2025-09-12T22:07:40.480Z] >>> [apiv2][body] POST https://cloudresourcemanager.googleapis.com/v1/projects/revistatechno:testIamPermissions {"permissions":["firebase.projects.get","firebasehosting.sites.update"]}
[debug] [2025-09-12T22:07:41.464Z] <<< [apiv2][status] POST https://cloudresourcemanager.googleapis.com/v1/projects/revistatechno:testIamPermissions 200
[debug] [2025-09-12T22:07:41.464Z] <<< [apiv2][body] POST https://cloudresourcemanager.googleapis.com/v1/projects/revistatechno:testIamPermissions {"permissions":["firebase.projects.get","firebasehosting.sites.update"]}
[debug] [2025-09-12T22:07:41.464Z] Checked if tokens are valid: true, expires at: 1757717682230
[debug] [2025-09-12T22:07:41.464Z] Checked if tokens are valid: true, expires at: 1757717682230
[debug] [2025-09-12T22:07:41.465Z] >>> [apiv2][query] GET https://firebase.googleapis.com/v1beta1/projects/revistatechno [none]
[debug] [2025-09-12T22:07:41.830Z] <<< [apiv2][status] GET https://firebase.googleapis.com/v1beta1/projects/revistatechno 200
[debug] [2025-09-12T22:07:41.830Z] <<< [apiv2][body] GET https://firebase.googleapis.com/v1beta1/projects/revistatechno {"projectId":"revistatechno","projectNumber":"83602747773","displayName":"RevistaTechno","name":"projects/revistatechno","resources":{"hostingSite":"revistatechno"},"state":"ACTIVE","etag":"1_b048e484-607b-4164-ad8d-592952da14f7"}
[debug] [2025-09-12T22:07:45.324Z] Checked if tokens are valid: true, expires at: 1757717682230
[debug] [2025-09-12T22:07:45.324Z] Checked if tokens are valid: true, expires at: 1757717682230
[debug] [2025-09-12T22:07:45.325Z] >>> [apiv2][query] GET https://firebasehosting.googleapis.com/v1beta1/projects/revistatechno/sites pageToken=&pageSize=10
[debug] [2025-09-12T22:07:46.428Z] <<< [apiv2][status] GET https://firebasehosting.googleapis.com/v1beta1/projects/revistatechno/sites 200
[debug] [2025-09-12T22:07:46.428Z] <<< [apiv2][body] GET https://firebasehosting.googleapis.com/v1beta1/projects/revistatechno/sites {"sites":[{"name":"projects/revistatechno/sites/revistatechno","defaultUrl":"https://revistatechno.web.app","type":"DEFAULT_SITE"}]}
[debug] [2025-09-12T22:07:46.428Z] Checked if tokens are valid: true, expires at: 1757717682230
[debug] [2025-09-12T22:07:46.428Z] Checked if tokens are valid: true, expires at: 1757717682230
[debug] [2025-09-12T22:07:46.428Z] >>> [apiv2][query] GET https://firebasehosting.googleapis.com/v1beta1/projects/revistatechno/sites 
[debug] [2025-09-12T22:07:46.714Z] <<< [apiv2][status] GET https://firebasehosting.googleapis.com/v1beta1/projects/revistatechno/sites 200
[debug] [2025-09-12T22:07:46.714Z] <<< [apiv2][body] GET https://firebasehosting.googleapis.com/v1beta1/projects/revistatechno/sites {"sites":[{"name":"projects/revistatechno/sites/revistatechno","defaultUrl":"https://revistatechno.web.app","type":"DEFAULT_SITE"}]}
[debug] [2025-09-12T22:07:46.715Z] Checked if tokens are valid: true, expires at: 1757717682230
[debug] [2025-09-12T22:07:46.715Z] Checked if tokens are valid: true, expires at: 1757717682230
[debug] [2025-09-12T22:07:46.715Z] >>> [apiv2][query] GET https://firebase.googleapis.com/v1beta1/projects/revistatechno/webApps/-/config [none]
[debug] [2025-09-12T22:07:47.588Z] <<< [apiv2][status] GET https://firebase.googleapis.com/v1beta1/projects/revistatechno/webApps/-/config 200
[debug] [2025-09-12T22:07:47.588Z] <<< [apiv2][body] GET https://firebase.googleapis.com/v1beta1/projects/revistatechno/webApps/-/config {"projectId":"revistatechno","appId":"1:83602747773:web:b44fd66c0518a4615e9c14","storageBucket":"revistatechno.firebasestorage.app","apiKey":"AIzaSyAW0Vajn-5wpUaPz4HjwlqcYjXI4aLNMi8","authDomain":"revistatechno.firebaseapp.com","messagingSenderId":"83602747773","measurementId":"G-HB3TT53WF9"}
[info] 
   Thank you for trying our early preview of Next.js support on Firebase Hosting.
   During the preview, support is best-effort and breaking changes can be expected. Proceed with caution.
   The integration is known to work with Next.js version 12 - 15.0. You may encounter errors.

   Documentation: https://firebase.google.com/docs/hosting/frameworks/nextjs
   File a bug: https://github.com/firebase/firebase-tools/issues/new?template=bug_report.md
   Submit a feature request: https://github.com/firebase/firebase-tools/issues/new?template=feature_request.md

   We'd love to learn from you. Express your interest in helping us shape the future of Firebase Hosting: https://goo.gle/41enW5X

[debug] [2025-09-12T22:07:54.711Z] Checked if tokens are valid: true, expires at: 1757717682230
[debug] [2025-09-12T22:07:54.711Z] Checked if tokens are valid: true, expires at: 1757717682230
[debug] [2025-09-12T22:07:54.711Z] >>> [apiv2][query] GET https://firebasehosting.googleapis.com/v1beta1/projects/revistatechno/sites/revistatechno [none]
[debug] [2025-09-12T22:07:55.719Z] <<< [apiv2][status] GET https://firebasehosting.googleapis.com/v1beta1/projects/revistatechno/sites/revistatechno 200
[debug] [2025-09-12T22:07:55.720Z] <<< [apiv2][body] GET https://firebasehosting.googleapis.com/v1beta1/projects/revistatechno/sites/revistatechno {"name":"projects/revistatechno/sites/revistatechno","defaultUrl":"https://revistatechno.web.app","type":"DEFAULT_SITE"}
[info]  ⚠ Invalid next.config.mjs options detected: 

[info]  ⚠     Unrecognized key(s) in object: 'turbopack' at "experimental"
 ⚠ See more info here: https://nextjs.org/docs/messages/invalid-next-config

[info]  ⚠ Warning: Next.js inferred your workspace root, but it may not be correct.
 We detected multiple lockfiles and selected the directory of C:\Users\Rachix\package-lock.json as the root directory.
 To silence this warning, set `outputFileTracingRoot` in your Next.js config, or consider removing one of the lockfiles if it's not needed.
   See https://nextjs.org/docs/app/api-reference/config/next-config-js/output#caveats for more information.
 Detected additional lockfiles: 
   * C:\Users\Rachix\Desktop\Nueva carpeta\Revista_Negocio\package-lock.json


[info]    ▲ Next.js 15.5.3

[info]    - Experiments (use with caution):
     ⨯ turbopack


[info]    Creating an optimized production build ...

[info] Failed to compile.


[info] ./app/globals.css
Module not found: Can't resolve './&'

https://nextjs.org/docs/messages/module-not-found

Import trace for requested module:
./app/globals.css

./app/globals.css
HookWebpackError: Cannot find module './&'
    at tryRunOrWebpackError (C:\Users\Rachix\Desktop\Nueva carpeta\Revista_Negocio\node_modules\next\dist\compiled\webpack\bundle5.js:31:316119)
    at __webpack_require_module__ (C:\Users\Rachix\Desktop\Nueva carpeta\Revista_Negocio\node_modules\next\dist\compiled\webpack\bundle5.js:31:131532)
    at __nested_webpack_require_161494__ (C:\Users\Rachix\Desktop\Nueva carpeta\Revista_Negocio\node_modules\next\dist\compiled\webpack\bundle5.js:31:130967)
    at C:\Users\Rachix\Desktop\Nueva carpeta\Revista_Negocio\node_modules\next\dist\compiled\webpack\bundle5.js:31:131824
    at symbolIterator (C:\Users\Rachix\Desktop\Nueva carpeta\Revista_Negocio\node_modules\next\dist\compiled\neo-async\async.js:1:14444)
    at done (C:\Users\Rachix\Desktop\Nueva carpeta\Revista_Negocio\node_modules\next\dist\compiled\neo-async\async.js:1:14824)
    at Hook.eval [as callAsync] (eval at create (C:\Users\Rachix\Desktop\Nueva carpeta\Revista_Negocio\node_modules\next\dist\compiled\webpack\bundle5.js:16:9224), <anonymous>:15:1)
    at C:\Users\Rachix\Desktop\Nueva carpeta\Revista_Negocio\node_modules\next\dist\compiled\webpack\bundle5.js:31:130687
    at symbolIterator (C:\Users\Rachix\Desktop\Nueva carpeta\Revista_Negocio\node_modules\next\dist\compiled\neo-async\async.js:1:14402)
    at timesSync (C:\Users\Rachix\Desktop\Nueva carpeta\Revista_Negocio\node_modules\next\dist\compiled\neo-async\async.js:1:5027)
-- inner error --
Error: Cannot find module './&'
    at webpackMissingModule (C:\Users\Rachix\Desktop\Nueva carpeta\Revista_Negocio\node_modules\next\dist\build\webpack\loaders\css-loader\src\index.js??ruleSet[1].rules[14].oneOf[10].use[2]!C:\Users\Rachix\Desktop\Nueva carpeta\Revista_Negocio\node_modules\next\dist\build\webpack\loaders\postcss-loader\src\index.js??ruleSet[1].rules[14].oneOf[10].use[3]!C:\Users\Rachix\Desktop\Nueva carpeta\Revista_Negocio\app\globals.css:9:50)
    at Module.<anonymous> (C:\Users\Rachix\Desktop\Nueva carpeta\Revista_Negocio\node_modules\next\dist\build\webpack\loaders\css-loader\src\index.js??ruleSet[1].rules[14].oneOf[10].use[2]!C:\Users\Rachix\Desktop\Nueva carpeta\Revista_Negocio\node_modules\next\dist\build\webpack\loaders\postcss-loader\src\index.js??ruleSet[1].rules[14].oneOf[10].use[3]!C:\Users\Rachix\Desktop\Nueva carpeta\Revista_Negocio\app\globals.css:9:128)
    at C:\Users\Rachix\Desktop\Nueva carpeta\Revista_Negocio\node_modules\next\dist\compiled\webpack\bundle5.js:31:962717
    at Hook.eval [as call] (eval at create (C:\Users\Rachix\Desktop\Nueva carpeta\Revista_Negocio\node_modules\next\dist\compiled\webpack\bundle5.js:16:9002), <anonymous>:7:1)
    at C:\Users\Rachix\Desktop\Nueva carpeta\Revista_Negocio\node_modules\next\dist\compiled\webpack\bundle5.js:31:131565
    at tryRunOrWebpackError (C:\Users\Rachix\Desktop\Nueva carpeta\Revista_Negocio\node_modules\next\dist\compiled\webpack\bundle5.js:31:316073)
    at __webpack_require_module__ (C:\Users\Rachix\Desktop\Nueva carpeta\Revista_Negocio\node_modules\next\dist\compiled\webpack\bundle5.js:31:131532)
    at __nested_webpack_require_161494__ (C:\Users\Rachix\Desktop\Nueva carpeta\Revista_Negocio\node_modules\next\dist\compiled\webpack\bundle5.js:31:130967)
    at C:\Users\Rachix\Desktop\Nueva carpeta\Revista_Negocio\node_modules\next\dist\compiled\webpack\bundle5.js:31:131824
    at symbolIterator (C:\Users\Rachix\Desktop\Nueva carpeta\Revista_Negocio\node_modules\next\dist\compiled\neo-async\async.js:1:14444)

Generated code for C:\Users\Rachix\Desktop\Nueva carpeta\Revista_Negocio\node_modules\next\dist\build\webpack\loaders\css-loader\src\index.js??ruleSet[1].rules[14].oneOf[10].use[2]!C:\Users\Rachix\Desktop\Nueva carpeta\Revista_Negocio\node_modules\next\dist\build\webpack\loaders\postcss-loader\src\index.js??ruleSet[1].rules[14].oneOf[10].use[3]!C:\Users\Rachix\Desktop\Nueva carpeta\Revista_Negocio\app\globals.css
 1 | __webpack_require__.r(__webpack_exports__);
 2 | /* harmony export */ __webpack_require__.d(__webpack_exports__, {
 3 | /* harmony export */   "default": () => (__WEBPACK_DEFAULT_EXPORT__)
 4 | /* harmony export */ });
 5 | /* harmony import */ var _node_modules_next_dist_build_webpack_loaders_css_loader_src_runtime_api_js__WEBPACK_IMPORTED_MODULE_0__ = __webpack_require__("C:\\Users\\Rachix\\Desktop\\Nueva carpeta\\Revista_Negocio\\node_modules\\next\\dist\\build\\webpack\\loaders\\css-loader\\src\\runtime\\api.js");
 6 | /* harmony import */ var _node_modules_next_dist_build_webpack_loaders_css_loader_src_runtime_api_js__WEBPACK_IMPORTED_MODULE_0___default = /*#__PURE__*/__webpack_require__.n(_node_modules_next_dist_build_webpack_loaders_css_loader_src_runtime_api_js__WEBPACK_IMPORTED_MODULE_0__);
 7 | /* harmony import */ var _node_modules_next_dist_build_webpack_loaders_css_loader_src_runtime_getUrl_js__WEBPACK_IMPORTED_MODULE_1__ = __webpack_require__("C:\\Users\\Rachix\\Desktop\\Nueva carpeta\\Revista_Negocio\\node_modules\\next\\dist\\build\\webpack\\loaders\\css-loader\\src\\runtime\\getUrl.js");
 8 | /* harmony import */ var _node_modules_next_dist_build_webpack_loaders_css_loader_src_runtime_getUrl_js__WEBPACK_IMPORTED_MODULE_1___default = /*#__PURE__*/__webpack_require__.n(_node_modules_next_dist_build_webpack_loaders_css_loader_src_runtime_getUrl_js__WEBPACK_IMPORTED_MODULE_1__);
 9 | Object(function webpackMissingModule() { var e = new Error("Cannot find module './&'"); e.code = 'MODULE_NOT_FOUND'; throw e; }());
10 | // Imports
11 | 
12 | 
13 | 
14 | var ___CSS_LOADER_EXPORT___ = _node_modules_next_dist_build_webpack_loaders_css_loader_src_runtime_api_js__WEBPACK_IMPORTED_MODULE_0___default()(false);
15 | var ___CSS_LOADER_URL_REPLACEMENT_0___ = _node_modules_next_dist_build_webpack_loaders_css_loader_src_runtime_getUrl_js__WEBPACK_IMPORTED_MODULE_1___default()(Object(function webpackMissingModule() { var e = new Error("Cannot find module './&'"); e.code = 'MODULE_NOT_FOUND'; throw e; }()), { hash: "#x27;/fondoMadera.jpeg&" });
16 | // Module
17 | ___CSS_LOADER_EXPORT___.push([module.id, "/*! tailwindcss v4.1.13 | MIT License | https://tailwindcss.com */\n@layer properties{@supports (((-webkit-hyphens:none)) and (not (margin-trim:inline))) or ((-moz-orient:inline) and (not (color:rgb(from red r g b)))){*,:before,:after,::backdrop{--tw-rotate-x:initial;--tw-rotate-y:initial;--tw-rotate-z:initial;--tw-skew-x:initial;--tw-skew-y:initial;--tw-space-y-reverse:0;--tw-space-x-reverse:0;--tw-border-style:solid;--tw-leading:initial;--tw-font-weight:initial;--tw-shadow:0 0 #0000;--tw-shadow-color:initial;--tw-shadow-alpha:100%;--tw-inset-shadow:0 0 #0000;--tw-inset-shadow-color:initial;--tw-inset-shadow-alpha:100%;--tw-ring-color:initial;--tw-ring-shadow:0 0 #0000;--tw-inset-ring-color:initial;--tw-inset-ring-shadow:0 0 #0000;--tw-ring-inset:initial;--tw-ring-offset-width:0px;--tw-ring-offset-color:#fff;--tw-ring-offset-shadow:0 0 #0000;--tw-blur:initial;--tw-brightness:initial;--tw-contrast:initial;--tw-grayscale:initial;--tw-hue-rotate:initial;--tw-invert:initial;--tw-opacity:initial;--tw-saturate:initial;--tw-sepia:initial;--tw-drop-shadow:initial;--tw-drop-shadow-color:initial;--tw-drop-shadow-alpha:100%;--tw-drop-shadow-size:initial}}}@layer theme{:root,:host{--font-serif:ui-serif,Georgia,Cambria,\"Times New Roman\",Times,serif;--color-gray-800:oklch(27.8% .033 256.848);--color-gray-900:oklch(21% .034 264.665);--color-white:#fff;--spacing:.25rem;--container-xs:20rem;--container-2xl:42rem;--container-5xl:64rem;--text-lg:1.125rem;--text-lg--line-height:calc(1.75/1.125);--text-xl:1.25rem;--text-xl--line-height:calc(1.75/1.25);--font-weight-bold:700;--leading-relaxed:1.625;--default-font-family:var(--font-geist-sans);--default-mono-font-family:var(--font-geist-mono)}}@layer base{*,:after,:before,::backdrop{box-sizing:border-box;border:0 solid;margin:0;padding:0}::file-selector-button{box-sizing:border-box;border:0 solid;margin:0;padding:0}html,:host{-webkit-text-size-adjust:100%;tab-size:4;line-height:1.5;font-family:var(--default-font-family,ui-sans-serif,system-ui,sans-serif,\"Apple Color Emoji\",\"Segoe UI Emoji\",\"Segoe UI Symbol\",\"Noto Color Emoji\");font-feature-settings:var(--default-font-feature-settings,normal);font-variation-settings:var(--default-font-variation-settings,normal);-webkit-tap-highlight-color:transparent}hr{height:0;color:inherit;border-top-width:1px}abbr:where([title]){-webkit-text-decoration:underline dotted;text-decoration:underline dotted}h1,h2,h3,h4,h5,h6{font-size:inherit;font-weight:inherit}a{color:inherit;-webkit-text-decoration:inherit;-webkit-text-decoration:inherit;-webkit-text-decoration:inherit;text-decoration:inherit}b,strong{font-weight:bolder}code,kbd,samp,pre{font-family:var(--default-mono-font-family,ui-monospace,SFMono-Regular,Menlo,Monaco,Consolas,\"Liberation Mono\",\"Courier New\",monospace);font-feature-settings:var(--default-mono-font-feature-settings,normal);font-variation-settings:var(--default-mono-font-variation-settings,normal);font-size:1em}small{font-size:80%}sub,sup{vertical-align:baseline;font-size:75%;line-height:0;position:relative}sub{bottom:-.25em}sup{top:-.5em}table{text-indent:0;border-color:inherit;border-collapse:collapse}:-moz-focusring{outline:auto}progress{vertical-align:baseline}summary{display:list-item}ol,ul,menu{list-style:none}img,svg,video,canvas,audio,iframe,embed,object{vertical-align:middle;display:block}img,video{max-width:100%;height:auto}button,input,select,optgroup,textarea{font:inherit;font-feature-settings:inherit;font-variation-settings:inherit;letter-spacing:inherit;color:inherit;opacity:1;background-color:#0000;border-radius:0}::file-selector-button{font:inherit;font-feature-settings:inherit;font-variation-settings:inherit;letter-spacing:inherit;color:inherit;opacity:1;background-color:#0000;border-radius:0}:where(select:is([multiple],[size])) optgroup{font-weight:bolder}:where(select:is([multiple],[size])) optgroup option{padding-inline-start:20px}::file-selector-button{margin-inline-end:4px}::placeholder{opacity:1}@supports (not ((-webkit-appearance:-apple-pay-button))) or (contain-intrinsic-size:1px){::placeholder{color:currentColor}@supports (color:color-mix(in lab, red, red)){::placeholder{color:color-mix(in oklab,currentcolor 50%,transparent)}}}textarea{resize:vertical}::-webkit-search-decoration{-webkit-appearance:none}::-webkit-date-and-time-value{min-height:1lh;text-align:inherit}::-webkit-datetime-edit{display:inline-flex}::-webkit-datetime-edit-fields-wrapper{padding:0}::-webkit-datetime-edit{padding-block:0}::-webkit-datetime-edit-year-field{padding-block:0}::-webkit-datetime-edit-month-field{padding-block:0}::-webkit-datetime-edit-day-field{padding-block:0}::-webkit-datetime-edit-hour-field{padding-block:0}::-webkit-datetime-edit-minute-field{padding-block:0}::-webkit-datetime-edit-second-field{padding-block:0}::-webkit-datetime-edit-millisecond-field{padding-block:0}::-webkit-datetime-edit-meridiem-field{padding-block:0}::-webkit-calendar-picker-indicator{line-height:1}:-moz-ui-invalid{box-shadow:none}button,input:where([type=button],[type=reset],[type=submit]){appearance:button}::file-selector-button{appearance:button}::-webkit-inner-spin-button{height:auto}::-webkit-outer-spin-button{height:auto}[hidden]:where(:not([hidden=until-found])){display:none!important}}@layer components;@layer utilities{.visible{visibility:visible}.absolute{position:absolute}.fixed{position:fixed}.relative{position:relative}.static{position:static}.sticky{position:sticky}.container{width:100%}@media (min-width:40rem){.container{max-width:40rem}}@media (min-width:48rem){.container{max-width:48rem}}@media (min-width:64rem){.container{max-width:64rem}}@media (min-width:80rem){.container{max-width:80rem}}@media (min-width:96rem){.container{max-width:96rem}}.my-4{margin-block:calc(var(--spacing)*4)}.mt-1{margin-top:calc(var(--spacing)*1)}.mt-4{margin-top:calc(var(--spacing)*4)}.mb-1{margin-bottom:calc(var(--spacing)*1)}.mb-3{margin-bottom:calc(var(--spacing)*3)}.mb-4{margin-bottom:calc(var(--spacing)*4)}.block{display:block}.contents{display:contents}.flex{display:flex}.hidden{display:none}.inline-block{display:inline-block}.h-1{height:calc(var(--spacing)*1)}.h-32{height:calc(var(--spacing)*32)}.h-full{height:100%}.h-screen{height:100vh}.max-h-\\[90vh\\]{max-height:90vh}.w-24{width:calc(var(--spacing)*24)}.w-36{width:calc(var(--spacing)*36)}.w-full{width:100%}.max-w-2xl{max-width:var(--container-2xl)}.max-w-5xl{max-width:var(--container-5xl)}.max-w-\\[90vw\\]{max-width:90vw}.max-w-xs{max-width:var(--container-xs)}.flex-1{flex:1}.transform{transform:var(--tw-rotate-x,)var(--tw-rotate-y,)var(--tw-rotate-z,)var(--tw-skew-x,)var(--tw-skew-y,)}.resize{resize:both}.list-inside{list-style-position:inside}.list-disc{list-style-type:disc}.flex-col{flex-direction:column}.flex-row{flex-direction:row}.items-center{align-items:center}.justify-center{justify-content:center}:where(.space-y-2>:not(:last-child)){--tw-space-y-reverse:0;margin-block-start:calc(calc(var(--spacing)*2)*var(--tw-space-y-reverse));margin-block-end:calc(calc(var(--spacing)*2)*calc(1 - var(--tw-space-y-reverse)))}:where(.space-y-4>:not(:last-child)){--tw-space-y-reverse:0;margin-block-start:calc(calc(var(--spacing)*4)*var(--tw-space-y-reverse));margin-block-end:calc(calc(var(--spacing)*4)*calc(1 - var(--tw-space-y-reverse)))}:where(.space-y-6>:not(:last-child)){--tw-space-y-reverse:0;margin-block-start:calc(calc(var(--spacing)*6)*var(--tw-space-y-reverse));margin-block-end:calc(calc(var(--spacing)*6)*calc(1 - var(--tw-space-y-reverse)))}:where(.space-x-1>:not(:last-child)){--tw-space-x-reverse:0;margin-inline-start:calc(calc(var(--spacing)*1)*var(--tw-space-x-reverse));margin-inline-end:calc(calc(var(--spacing)*1)*calc(1 - var(--tw-space-x-reverse)))}.overflow-hidden{overflow:hidden}.rounded-full{border-radius:3.40282e38px}.border-4{border-style:var(--tw-border-style);border-width:4px}.border-\\[\\#012956\\]{border-color:#012956}.bg-\\[\\#012956\\]{background-color:#012956}.bg-\\[\\#fdfcf9\\]{background-color:#fdfcf9}.bg-white{background-color:var(--color-white)}.bg-\\[url\\(\\&\\#x27\\;\\/fondoMadera\\.jpeg\\&\\#x27\\;\\)\\]{background-image:url(" + ___CSS_LOADER_URL_REPLACEMENT_0___ + ")}.bg-\\[url\\(\\'\\/fondoMadera\\.jpeg\\'\\)\\]{background-image:url(/fondoMadera.jpeg)}.bg-cover{background-size:cover}.bg-center{background-position:50%}.object-contain{object-fit:contain}.p-4{padding:calc(var(--spacing)*4)}.p-6{padding:calc(var(--spacing)*6)}.p-8{padding:calc(var(--spacing)*8)}.text-center{text-align:center}.font-serif{font-family:var(--font-serif)}.text-lg{font-size:var(--text-lg);line-height:var(--tw-leading,var(--text-lg--line-height))}.text-xl{font-size:var(--text-xl);line-height:var(--tw-leading,var(--text-xl--line-height))}.text-\\[10px\\]{font-size:10px}.text-\\[12px\\]{font-size:12px}.leading-relaxed{--tw-leading:var(--leading-relaxed);line-height:var(--leading-relaxed)}.font-bold{--tw-font-weight:var(--font-weight-bold);font-weight:var(--font-weight-bold)}.text-gray-800{color:var(--color-gray-800)}.text-gray-900{color:var(--color-gray-900)}.italic{font-style:italic}.antialiased{-webkit-font-smoothing:antialiased;-moz-osx-font-smoothing:grayscale}.shadow{--tw-shadow:0 1px 3px 0 var(--tw-shadow-color,#0000001a),0 1px 2px -1px var(--tw-shadow-color,#0000001a);box-shadow:var(--tw-inset-shadow),var(--tw-inset-ring-shadow),var(--tw-ring-offset-shadow),var(--tw-ring-shadow),var(--tw-shadow)}.shadow-lg{--tw-shadow:0 10px 15px -3px var(--tw-shadow-color,#0000001a),0 4px 6px -4px var(--tw-shadow-color,#0000001a);box-shadow:var(--tw-inset-shadow),var(--tw-inset-ring-shadow),var(--tw-ring-offset-shadow),var(--tw-ring-shadow),var(--tw-shadow)}.blur{--tw-blur:blur(8px);filter:var(--tw-blur,)var(--tw-brightness,)var(--tw-contrast,)var(--tw-grayscale,)var(--tw-hue-rotate,)var(--tw-invert,)var(--tw-saturate,)var(--tw-sepia,)var(--tw-drop-shadow,)}@media (min-width:48rem){.md\\:mb-0{margin-bottom:calc(var(--spacing)*0)}.md\\:flex-row{flex-direction:row}:where(.md\\:space-y-0>:not(:last-child)){--tw-space-y-reverse:0;margin-block-start:calc(calc(var(--spacing)*0)*var(--tw-space-y-reverse));margin-block-end:calc(calc(var(--spacing)*0)*calc(1 - var(--tw-space-y-reverse)))}:where(.md\\:space-x-2>:not(:last-child)){--tw-space-x-reverse:0;margin-inline-start:calc(calc(var(--spacing)*2)*var(--tw-space-x-reverse));margin-inline-end:calc(calc(var(--spacing)*2)*calc(1 - var(--tw-space-x-reverse)))}:where(.md\\:space-x-4>:not(:last-child)){--tw-space-x-reverse:0;margin-inline-start:calc(calc(var(--spacing)*4)*var(--tw-space-x-reverse));margin-inline-end:calc(calc(var(--spacing)*4)*calc(1 - var(--tw-space-x-reverse)))}.md\\:text-xl{font-size:var(--text-xl);line-height:var(--tw-leading,var(--text-xl--line-height))}}}:root{--background:#fff;--foreground:#171717}@media (prefers-color-scheme:dark){:root{--background:#0a0a0a;--foreground:#ededed}}body{background:var(--background);color:var(--foreground);font-family:var(--font-exo),Arial,sans-serif}@property --tw-rotate-x{syntax:\"*\";inherits:false}@property --tw-rotate-y{syntax:\"*\";inherits:false}@property --tw-rotate-z{syntax:\"*\";inherits:false}@property --tw-skew-x{syntax:\"*\";inherits:false}@property --tw-skew-y{syntax:\"*\";inherits:false}@property --tw-space-y-reverse{syntax:\"*\";inherits:false;initial-value:0}@property --tw-space-x-reverse{syntax:\"*\";inherits:false;initial-value:0}@property --tw-border-style{syntax:\"*\";inherits:false;initial-value:solid}@property --tw-leading{syntax:\"*\";inherits:false}@property --tw-font-weight{syntax:\"*\";inherits:false}@property --tw-shadow{syntax:\"*\";inherits:false;initial-value:0 0 #0000}@property --tw-shadow-color{syntax:\"*\";inherits:false}@property --tw-shadow-alpha{syntax:\"<percentage>\";inherits:false;initial-value:100%}@property --tw-inset-shadow{syntax:\"*\";inherits:false;initial-value:0 0 #0000}@property --tw-inset-shadow-color{syntax:\"*\";inherits:false}@property --tw-inset-shadow-alpha{syntax:\"<percentage>\";inherits:false;initial-value:100%}@property --tw-ring-color{syntax:\"*\";inherits:false}@property --tw-ring-shadow{syntax:\"*\";inherits:false;initial-value:0 0 #0000}@property --tw-inset-ring-color{syntax:\"*\";inherits:false}@property --tw-inset-ring-shadow{syntax:\"*\";inherits:false;initial-value:0 0 #0000}@property --tw-ring-inset{syntax:\"*\";inherits:false}@property --tw-ring-offset-width{syntax:\"<length>\";inherits:false;initial-value:0}@property --tw-ring-offset-color{syntax:\"*\";inherits:false;initial-value:#fff}@property --tw-ring-offset-shadow{syntax:\"*\";inherits:false;initial-value:0 0 #0000}@property --tw-blur{syntax:\"*\";inherits:false}@property --tw-brightness{syntax:\"*\";inherits:false}@property --tw-contrast{syntax:\"*\";inherits:false}@property --tw-grayscale{syntax:\"*\";inherits:false}@property --tw-hue-rotate{syntax:\"*\";inherits:false}@property --tw-invert{syntax:\"*\";inherits:false}@property --tw-opacity{syntax:\"*\";inherits:false}@property --tw-saturate{syntax:\"*\";inherits:false}@property --tw-sepia{syntax:\"*\";inherits:false}@property --tw-drop-shadow{syntax:\"*\";inherits:false}@property --tw-drop-shadow-color{syntax:\"*\";inherits:false}@property --tw-drop-shadow-alpha{syntax:\"<percentage>\";inherits:false;initial-value:100%}@property --tw-drop-shadow-size{syntax:\"*\";inherits:false}\n", ""]);
18 | // Exports
19 | /* harmony default export */ const __WEBPACK_DEFAULT_EXPORT__ = (___CSS_LOADER_EXPORT___);
20 | 

Import trace for requested module:
./app/globals.css


[info] 
> Build failed because of webpack errors

[debug] [2025-09-12T22:08:08.598Z] Error: ENOENT: no such file or directory, open 'C:\Users\Rachix\Desktop\Nueva carpeta\Revista_Negocio\.next\export-marker.json'
[error] 
[error] Error: An unexpected error has occurred.
[debug] [2025-09-12T22:11:31.976Z] ----------------------------------------------------------------------
[debug] [2025-09-12T22:11:31.980Z] Command:       C:\Program Files\nodejs\node.exe C:\Users\Rachix\AppData\Roaming\npm\node_modules\firebase-tools\lib\bin\firebase.js deploy
[debug] [2025-09-12T22:11:31.980Z] CLI Version:   14.16.0
[debug] [2025-09-12T22:11:31.980Z] Platform:      win32
[debug] [2025-09-12T22:11:31.980Z] Node Version:  v20.12.0
[debug] [2025-09-12T22:11:31.980Z] Time:          Fri Sep 12 2025 19:11:31 GMT-0300 (hora estándar de Brasilia)
[debug] [2025-09-12T22:11:31.981Z] ----------------------------------------------------------------------
[debug] 
[debug] [2025-09-12T22:11:32.180Z] > command requires scopes: ["email","openid","https://www.googleapis.com/auth/cloudplatformprojects.readonly","https://www.googleapis.com/auth/firebase","https://www.googleapis.com/auth/cloud-platform"]
[debug] [2025-09-12T22:11:32.181Z] > authorizing via signed-in user (rachel05garcia05@gmail.com)
[debug] [2025-09-12T22:11:32.181Z] [iam] checking project revistatechno for permissions ["firebase.projects.get","firebasehosting.sites.update"]
[debug] [2025-09-12T22:11:32.182Z] Checked if tokens are valid: true, expires at: 1757717682230
[debug] [2025-09-12T22:11:32.182Z] Checked if tokens are valid: true, expires at: 1757717682230
[debug] [2025-09-12T22:11:32.183Z] >>> [apiv2][query] POST https://cloudresourcemanager.googleapis.com/v1/projects/revistatechno:testIamPermissions [none]
[debug] [2025-09-12T22:11:32.183Z] >>> [apiv2][(partial)header] POST https://cloudresourcemanager.googleapis.com/v1/projects/revistatechno:testIamPermissions x-goog-quota-user=projects/revistatechno
[debug] [2025-09-12T22:11:32.183Z] >>> [apiv2][body] POST https://cloudresourcemanager.googleapis.com/v1/projects/revistatechno:testIamPermissions {"permissions":["firebase.projects.get","firebasehosting.sites.update"]}
[debug] [2025-09-12T22:11:33.123Z] <<< [apiv2][status] POST https://cloudresourcemanager.googleapis.com/v1/projects/revistatechno:testIamPermissions 200
[debug] [2025-09-12T22:11:33.123Z] <<< [apiv2][body] POST https://cloudresourcemanager.googleapis.com/v1/projects/revistatechno:testIamPermissions {"permissions":["firebase.projects.get","firebasehosting.sites.update"]}
[debug] [2025-09-12T22:11:33.124Z] Checked if tokens are valid: true, expires at: 1757717682230
[debug] [2025-09-12T22:11:33.124Z] Checked if tokens are valid: true, expires at: 1757717682230
[debug] [2025-09-12T22:11:33.124Z] >>> [apiv2][query] GET https://firebase.googleapis.com/v1beta1/projects/revistatechno [none]
[debug] [2025-09-12T22:11:33.560Z] <<< [apiv2][status] GET https://firebase.googleapis.com/v1beta1/projects/revistatechno 200
[debug] [2025-09-12T22:11:33.560Z] <<< [apiv2][body] GET https://firebase.googleapis.com/v1beta1/projects/revistatechno {"projectId":"revistatechno","projectNumber":"83602747773","displayName":"RevistaTechno","name":"projects/revistatechno","resources":{"hostingSite":"revistatechno"},"state":"ACTIVE","etag":"1_b048e484-607b-4164-ad8d-592952da14f7"}
[debug] [2025-09-12T22:11:37.684Z] Checked if tokens are valid: true, expires at: 1757717682230
[debug] [2025-09-12T22:11:37.684Z] Checked if tokens are valid: true, expires at: 1757717682230
[debug] [2025-09-12T22:11:37.685Z] >>> [apiv2][query] GET https://firebasehosting.googleapis.com/v1beta1/projects/revistatechno/sites pageToken=&pageSize=10
[debug] [2025-09-12T22:11:38.756Z] <<< [apiv2][status] GET https://firebasehosting.googleapis.com/v1beta1/projects/revistatechno/sites 200
[debug] [2025-09-12T22:11:38.756Z] <<< [apiv2][body] GET https://firebasehosting.googleapis.com/v1beta1/projects/revistatechno/sites {"sites":[{"name":"projects/revistatechno/sites/revistatechno","defaultUrl":"https://revistatechno.web.app","type":"DEFAULT_SITE"}]}
[debug] [2025-09-12T22:11:38.757Z] Checked if tokens are valid: true, expires at: 1757717682230
[debug] [2025-09-12T22:11:38.757Z] Checked if tokens are valid: true, expires at: 1757717682230
[debug] [2025-09-12T22:11:38.757Z] >>> [apiv2][query] GET https://firebasehosting.googleapis.com/v1beta1/projects/revistatechno/sites 
[debug] [2025-09-12T22:11:39.025Z] <<< [apiv2][status] GET https://firebasehosting.googleapis.com/v1beta1/projects/revistatechno/sites 200
[debug] [2025-09-12T22:11:39.025Z] <<< [apiv2][body] GET https://firebasehosting.googleapis.com/v1beta1/projects/revistatechno/sites {"sites":[{"name":"projects/revistatechno/sites/revistatechno","defaultUrl":"https://revistatechno.web.app","type":"DEFAULT_SITE"}]}
[debug] [2025-09-12T22:11:39.025Z] Checked if tokens are valid: true, expires at: 1757717682230
[debug] [2025-09-12T22:11:39.025Z] Checked if tokens are valid: true, expires at: 1757717682230
[debug] [2025-09-12T22:11:39.025Z] >>> [apiv2][query] GET https://firebase.googleapis.com/v1beta1/projects/revistatechno/webApps/-/config [none]
[debug] [2025-09-12T22:11:39.927Z] <<< [apiv2][status] GET https://firebase.googleapis.com/v1beta1/projects/revistatechno/webApps/-/config 200
[debug] [2025-09-12T22:11:39.927Z] <<< [apiv2][body] GET https://firebase.googleapis.com/v1beta1/projects/revistatechno/webApps/-/config {"projectId":"revistatechno","appId":"1:83602747773:web:b44fd66c0518a4615e9c14","storageBucket":"revistatechno.firebasestorage.app","apiKey":"AIzaSyAW0Vajn-5wpUaPz4HjwlqcYjXI4aLNMi8","authDomain":"revistatechno.firebaseapp.com","messagingSenderId":"83602747773","measurementId":"G-HB3TT53WF9"}
[info] 
   Thank you for trying our early preview of Next.js support on Firebase Hosting.
   During the preview, support is best-effort and breaking changes can be expected. Proceed with caution.
   The integration is known to work with Next.js version 12 - 15.0. You may encounter errors.

   Documentation: https://firebase.google.com/docs/hosting/frameworks/nextjs
   File a bug: https://github.com/firebase/firebase-tools/issues/new?template=bug_report.md
   Submit a feature request: https://github.com/firebase/firebase-tools/issues/new?template=feature_request.md

   We'd love to learn from you. Express your interest in helping us shape the future of Firebase Hosting: https://goo.gle/41enW5X

[debug] [2025-09-12T22:11:48.248Z] Checked if tokens are valid: true, expires at: 1757717682230
[debug] [2025-09-12T22:11:48.248Z] Checked if tokens are valid: true, expires at: 1757717682230
[debug] [2025-09-12T22:11:48.248Z] >>> [apiv2][query] GET https://firebasehosting.googleapis.com/v1beta1/projects/revistatechno/sites/revistatechno [none]
[debug] [2025-09-12T22:11:49.253Z] <<< [apiv2][status] GET https://firebasehosting.googleapis.com/v1beta1/projects/revistatechno/sites/revistatechno 200
[debug] [2025-09-12T22:11:49.253Z] <<< [apiv2][body] GET https://firebasehosting.googleapis.com/v1beta1/projects/revistatechno/sites/revistatechno {"name":"projects/revistatechno/sites/revistatechno","defaultUrl":"https://revistatechno.web.app","type":"DEFAULT_SITE"}
[info]  ⚠ Invalid next.config.mjs options detected: 

[info]  ⚠     Unrecognized key(s) in object: 'turbopack' at "experimental"
 ⚠ See more info here: https://nextjs.org/docs/messages/invalid-next-config

[info]  ⚠ Warning: Next.js inferred your workspace root, but it may not be correct.
 We detected multiple lockfiles and selected the directory of C:\Users\Rachix\package-lock.json as the root directory.
 To silence this warning, set `outputFileTracingRoot` in your Next.js config, or consider removing one of the lockfiles if it's not needed.
   See https://nextjs.org/docs/app/api-reference/config/next-config-js/output#caveats for more information.
 Detected additional lockfiles: 
   * C:\Users\Rachix\Desktop\Nueva carpeta\Revista_Negocio\package-lock.json


[info]    ▲ Next.js 15.5.3

[info]    - Experiments (use with caution):
     ⨯ turbopack


[info]    Creating an optimized production build ...

[info] Failed to compile.


[info] ./app/globals.css
Module not found: Can't resolve './&'

https://nextjs.org/docs/messages/module-not-found

Import trace for requested module:
./app/globals.css

./app/globals.css
HookWebpackError: Cannot find module './&'
    at tryRunOrWebpackError (C:\Users\Rachix\Desktop\Nueva carpeta\Revista_Negocio\node_modules\next\dist\compiled\webpack\bundle5.js:31:316119)
    at __webpack_require_module__ (C:\Users\Rachix\Desktop\Nueva carpeta\Revista_Negocio\node_modules\next\dist\compiled\webpack\bundle5.js:31:131532)
    at __nested_webpack_require_161494__ (C:\Users\Rachix\Desktop\Nueva carpeta\Revista_Negocio\node_modules\next\dist\compiled\webpack\bundle5.js:31:130967)
    at C:\Users\Rachix\Desktop\Nueva carpeta\Revista_Negocio\node_modules\next\dist\compiled\webpack\bundle5.js:31:131824
    at symbolIterator (C:\Users\Rachix\Desktop\Nueva carpeta\Revista_Negocio\node_modules\next\dist\compiled\neo-async\async.js:1:14444)
    at done (C:\Users\Rachix\Desktop\Nueva carpeta\Revista_Negocio\node_modules\next\dist\compiled\neo-async\async.js:1:14824)
    at Hook.eval [as callAsync] (eval at create (C:\Users\Rachix\Desktop\Nueva carpeta\Revista_Negocio\node_modules\next\dist\compiled\webpack\bundle5.js:16:9224), <anonymous>:15:1)
    at C:\Users\Rachix\Desktop\Nueva carpeta\Revista_Negocio\node_modules\next\dist\compiled\webpack\bundle5.js:31:130687
    at symbolIterator (C:\Users\Rachix\Desktop\Nueva carpeta\Revista_Negocio\node_modules\next\dist\compiled\neo-async\async.js:1:14402)
    at timesSync (C:\Users\Rachix\Desktop\Nueva carpeta\Revista_Negocio\node_modules\next\dist\compiled\neo-async\async.js:1:5027)
-- inner error --
Error: Cannot find module './&'
    at webpackMissingModule (C:\Users\Rachix\Desktop\Nueva carpeta\Revista_Negocio\node_modules\next\dist\build\webpack\loaders\css-loader\src\index.js??ruleSet[1].rules[14].oneOf[10].use[2]!C:\Users\Rachix\Desktop\Nueva carpeta\Revista_Negocio\node_modules\next\dist\build\webpack\loaders\postcss-loader\src\index.js??ruleSet[1].rules[14].oneOf[10].use[3]!C:\Users\Rachix\Desktop\Nueva carpeta\Revista_Negocio\app\globals.css:9:50)
    at Module.<anonymous> (C:\Users\Rachix\Desktop\Nueva carpeta\Revista_Negocio\node_modules\next\dist\build\webpack\loaders\css-loader\src\index.js??ruleSet[1].rules[14].oneOf[10].use[2]!C:\Users\Rachix\Desktop\Nueva carpeta\Revista_Negocio\node_modules\next\dist\build\webpack\loaders\postcss-loader\src\index.js??ruleSet[1].rules[14].oneOf[10].use[3]!C:\Users\Rachix\Desktop\Nueva carpeta\Revista_Negocio\app\globals.css:9:128)
    at C:\Users\Rachix\Desktop\Nueva carpeta\Revista_Negocio\node_modules\next\dist\compiled\webpack\bundle5.js:31:962717
    at Hook.eval [as call] (eval at create (C:\Users\Rachix\Desktop\Nueva carpeta\Revista_Negocio\node_modules\next\dist\compiled\webpack\bundle5.js:16:9002), <anonymous>:7:1)
    at C:\Users\Rachix\Desktop\Nueva carpeta\Revista_Negocio\node_modules\next\dist\compiled\webpack\bundle5.js:31:131565
    at tryRunOrWebpackError (C:\Users\Rachix\Desktop\Nueva carpeta\Revista_Negocio\node_modules\next\dist\compiled\webpack\bundle5.js:31:316073)
    at __webpack_require_module__ (C:\Users\Rachix\Desktop\Nueva carpeta\Revista_Negocio\node_modules\next\dist\compiled\webpack\bundle5.js:31:131532)
    at __nested_webpack_require_161494__ (C:\Users\Rachix\Desktop\Nueva carpeta\Revista_Negocio\node_modules\next\dist\compiled\webpack\bundle5.js:31:130967)
    at C:\Users\Rachix\Desktop\Nueva carpeta\Revista_Negocio\node_modules\next\dist\compiled\webpack\bundle5.js:31:131824
    at symbolIterator (C:\Users\Rachix\Desktop\Nueva carpeta\Revista_Negocio\node_modules\next\dist\compiled\neo-async\async.js:1:14444)

Generated code for C:\Users\Rachix\Desktop\Nueva carpeta\Revista_Negocio\node_modules\next\dist\build\webpack\loaders\css-loader\src\index.js??ruleSet[1].rules[14].oneOf[10].use[2]!C:\Users\Rachix\Desktop\Nueva carpeta\Revista_Negocio\node_modules\next\dist\build\webpack\loaders\postcss-loader\src\index.js??ruleSet[1].rules[14].oneOf[10].use[3]!C:\Users\Rachix\Desktop\Nueva carpeta\Revista_Negocio\app\globals.css
 1 | __webpack_require__.r(__webpack_exports__);
 2 | /* harmony export */ __webpack_require__.d(__webpack_exports__, {
 3 | /* harmony export */   "default": () => (__WEBPACK_DEFAULT_EXPORT__)
 4 | /* harmony export */ });
 5 | /* harmony import */ var _node_modules_next_dist_build_webpack_loaders_css_loader_src_runtime_api_js__WEBPACK_IMPORTED_MODULE_0__ = __webpack_require__("C:\\Users\\Rachix\\Desktop\\Nueva carpeta\\Revista_Negocio\\node_modules\\next\\dist\\build\\webpack\\loaders\\css-loader\\src\\runtime\\api.js");
 6 | /* harmony import */ var _node_modules_next_dist_build_webpack_loaders_css_loader_src_runtime_api_js__WEBPACK_IMPORTED_MODULE_0___default = /*#__PURE__*/__webpack_require__.n(_node_modules_next_dist_build_webpack_loaders_css_loader_src_runtime_api_js__WEBPACK_IMPORTED_MODULE_0__);
 7 | /* harmony import */ var _node_modules_next_dist_build_webpack_loaders_css_loader_src_runtime_getUrl_js__WEBPACK_IMPORTED_MODULE_1__ = __webpack_require__("C:\\Users\\Rachix\\Desktop\\Nueva carpeta\\Revista_Negocio\\node_modules\\next\\dist\\build\\webpack\\loaders\\css-loader\\src\\runtime\\getUrl.js");
 8 | /* harmony import */ var _node_modules_next_dist_build_webpack_loaders_css_loader_src_runtime_getUrl_js__WEBPACK_IMPORTED_MODULE_1___default = /*#__PURE__*/__webpack_require__.n(_node_modules_next_dist_build_webpack_loaders_css_loader_src_runtime_getUrl_js__WEBPACK_IMPORTED_MODULE_1__);
 9 | Object(function webpackMissingModule() { var e = new Error("Cannot find module './&'"); e.code = 'MODULE_NOT_FOUND'; throw e; }());
10 | // Imports
11 | 
12 | 
13 | 
14 | var ___CSS_LOADER_EXPORT___ = _node_modules_next_dist_build_webpack_loaders_css_loader_src_runtime_api_js__WEBPACK_IMPORTED_MODULE_0___default()(false);
15 | var ___CSS_LOADER_URL_REPLACEMENT_0___ = _node_modules_next_dist_build_webpack_loaders_css_loader_src_runtime_getUrl_js__WEBPACK_IMPORTED_MODULE_1___default()(Object(function webpackMissingModule() { var e = new Error("Cannot find module './&'"); e.code = 'MODULE_NOT_FOUND'; throw e; }()), { hash: "#x27;/fondoMadera.jpeg&" });
16 | // Module
17 | ___CSS_LOADER_EXPORT___.push([module.id, "/*! tailwindcss v4.1.13 | MIT License | https://tailwindcss.com */\n@layer properties{@supports (((-webkit-hyphens:none)) and (not (margin-trim:inline))) or ((-moz-orient:inline) and (not (color:rgb(from red r g b)))){*,:before,:after,::backdrop{--tw-rotate-x:initial;--tw-rotate-y:initial;--tw-rotate-z:initial;--tw-skew-x:initial;--tw-skew-y:initial;--tw-space-y-reverse:0;--tw-space-x-reverse:0;--tw-border-style:solid;--tw-leading:initial;--tw-font-weight:initial;--tw-shadow:0 0 #0000;--tw-shadow-color:initial;--tw-shadow-alpha:100%;--tw-inset-shadow:0 0 #0000;--tw-inset-shadow-color:initial;--tw-inset-shadow-alpha:100%;--tw-ring-color:initial;--tw-ring-shadow:0 0 #0000;--tw-inset-ring-color:initial;--tw-inset-ring-shadow:0 0 #0000;--tw-ring-inset:initial;--tw-ring-offset-width:0px;--tw-ring-offset-color:#fff;--tw-ring-offset-shadow:0 0 #0000;--tw-blur:initial;--tw-brightness:initial;--tw-contrast:initial;--tw-grayscale:initial;--tw-hue-rotate:initial;--tw-invert:initial;--tw-opacity:initial;--tw-saturate:initial;--tw-sepia:initial;--tw-drop-shadow:initial;--tw-drop-shadow-color:initial;--tw-drop-shadow-alpha:100%;--tw-drop-shadow-size:initial}}}@layer theme{:root,:host{--font-serif:ui-serif,Georgia,Cambria,\"Times New Roman\",Times,serif;--color-gray-800:oklch(27.8% .033 256.848);--color-gray-900:oklch(21% .034 264.665);--color-white:#fff;--spacing:.25rem;--container-xs:20rem;--container-2xl:42rem;--container-5xl:64rem;--text-lg:1.125rem;--text-lg--line-height:calc(1.75/1.125);--text-xl:1.25rem;--text-xl--line-height:calc(1.75/1.25);--font-weight-bold:700;--leading-relaxed:1.625;--default-font-family:var(--font-geist-sans);--default-mono-font-family:var(--font-geist-mono)}}@layer base{*,:after,:before,::backdrop{box-sizing:border-box;border:0 solid;margin:0;padding:0}::file-selector-button{box-sizing:border-box;border:0 solid;margin:0;padding:0}html,:host{-webkit-text-size-adjust:100%;tab-size:4;line-height:1.5;font-family:var(--default-font-family,ui-sans-serif,system-ui,sans-serif,\"Apple Color Emoji\",\"Segoe UI Emoji\",\"Segoe UI Symbol\",\"Noto Color Emoji\");font-feature-settings:var(--default-font-feature-settings,normal);font-variation-settings:var(--default-font-variation-settings,normal);-webkit-tap-highlight-color:transparent}hr{height:0;color:inherit;border-top-width:1px}abbr:where([title]){-webkit-text-decoration:underline dotted;text-decoration:underline dotted}h1,h2,h3,h4,h5,h6{font-size:inherit;font-weight:inherit}a{color:inherit;-webkit-text-decoration:inherit;-webkit-text-decoration:inherit;-webkit-text-decoration:inherit;text-decoration:inherit}b,strong{font-weight:bolder}code,kbd,samp,pre{font-family:var(--default-mono-font-family,ui-monospace,SFMono-Regular,Menlo,Monaco,Consolas,\"Liberation Mono\",\"Courier New\",monospace);font-feature-settings:var(--default-mono-font-feature-settings,normal);font-variation-settings:var(--default-mono-font-variation-settings,normal);font-size:1em}small{font-size:80%}sub,sup{vertical-align:baseline;font-size:75%;line-height:0;position:relative}sub{bottom:-.25em}sup{top:-.5em}table{text-indent:0;border-color:inherit;border-collapse:collapse}:-moz-focusring{outline:auto}progress{vertical-align:baseline}summary{display:list-item}ol,ul,menu{list-style:none}img,svg,video,canvas,audio,iframe,embed,object{vertical-align:middle;display:block}img,video{max-width:100%;height:auto}button,input,select,optgroup,textarea{font:inherit;font-feature-settings:inherit;font-variation-settings:inherit;letter-spacing:inherit;color:inherit;opacity:1;background-color:#0000;border-radius:0}::file-selector-button{font:inherit;font-feature-settings:inherit;font-variation-settings:inherit;letter-spacing:inherit;color:inherit;opacity:1;background-color:#0000;border-radius:0}:where(select:is([multiple],[size])) optgroup{font-weight:bolder}:where(select:is([multiple],[size])) optgroup option{padding-inline-start:20px}::file-selector-button{margin-inline-end:4px}::placeholder{opacity:1}@supports (not ((-webkit-appearance:-apple-pay-button))) or (contain-intrinsic-size:1px){::placeholder{color:currentColor}@supports (color:color-mix(in lab, red, red)){::placeholder{color:color-mix(in oklab,currentcolor 50%,transparent)}}}textarea{resize:vertical}::-webkit-search-decoration{-webkit-appearance:none}::-webkit-date-and-time-value{min-height:1lh;text-align:inherit}::-webkit-datetime-edit{display:inline-flex}::-webkit-datetime-edit-fields-wrapper{padding:0}::-webkit-datetime-edit{padding-block:0}::-webkit-datetime-edit-year-field{padding-block:0}::-webkit-datetime-edit-month-field{padding-block:0}::-webkit-datetime-edit-day-field{padding-block:0}::-webkit-datetime-edit-hour-field{padding-block:0}::-webkit-datetime-edit-minute-field{padding-block:0}::-webkit-datetime-edit-second-field{padding-block:0}::-webkit-datetime-edit-millisecond-field{padding-block:0}::-webkit-datetime-edit-meridiem-field{padding-block:0}::-webkit-calendar-picker-indicator{line-height:1}:-moz-ui-invalid{box-shadow:none}button,input:where([type=button],[type=reset],[type=submit]){appearance:button}::file-selector-button{appearance:button}::-webkit-inner-spin-button{height:auto}::-webkit-outer-spin-button{height:auto}[hidden]:where(:not([hidden=until-found])){display:none!important}}@layer components;@layer utilities{.visible{visibility:visible}.absolute{position:absolute}.fixed{position:fixed}.relative{position:relative}.static{position:static}.sticky{position:sticky}.container{width:100%}@media (min-width:40rem){.container{max-width:40rem}}@media (min-width:48rem){.container{max-width:48rem}}@media (min-width:64rem){.container{max-width:64rem}}@media (min-width:80rem){.container{max-width:80rem}}@media (min-width:96rem){.container{max-width:96rem}}.my-4{margin-block:calc(var(--spacing)*4)}.mt-1{margin-top:calc(var(--spacing)*1)}.mt-4{margin-top:calc(var(--spacing)*4)}.mb-1{margin-bottom:calc(var(--spacing)*1)}.mb-3{margin-bottom:calc(var(--spacing)*3)}.mb-4{margin-bottom:calc(var(--spacing)*4)}.block{display:block}.contents{display:contents}.flex{display:flex}.hidden{display:none}.inline-block{display:inline-block}.h-1{height:calc(var(--spacing)*1)}.h-32{height:calc(var(--spacing)*32)}.h-full{height:100%}.h-screen{height:100vh}.max-h-\\[90vh\\]{max-height:90vh}.w-24{width:calc(var(--spacing)*24)}.w-36{width:calc(var(--spacing)*36)}.w-full{width:100%}.max-w-2xl{max-width:var(--container-2xl)}.max-w-5xl{max-width:var(--container-5xl)}.max-w-\\[90vw\\]{max-width:90vw}.max-w-xs{max-width:var(--container-xs)}.flex-1{flex:1}.transform{transform:var(--tw-rotate-x,)var(--tw-rotate-y,)var(--tw-rotate-z,)var(--tw-skew-x,)var(--tw-skew-y,)}.resize{resize:both}.list-inside{list-style-position:inside}.list-disc{list-style-type:disc}.flex-col{flex-direction:column}.flex-row{flex-direction:row}.items-center{align-items:center}.justify-center{justify-content:center}:where(.space-y-2>:not(:last-child)){--tw-space-y-reverse:0;margin-block-start:calc(calc(var(--spacing)*2)*var(--tw-space-y-reverse));margin-block-end:calc(calc(var(--spacing)*2)*calc(1 - var(--tw-space-y-reverse)))}:where(.space-y-4>:not(:last-child)){--tw-space-y-reverse:0;margin-block-start:calc(calc(var(--spacing)*4)*var(--tw-space-y-reverse));margin-block-end:calc(calc(var(--spacing)*4)*calc(1 - var(--tw-space-y-reverse)))}:where(.space-y-6>:not(:last-child)){--tw-space-y-reverse:0;margin-block-start:calc(calc(var(--spacing)*6)*var(--tw-space-y-reverse));margin-block-end:calc(calc(var(--spacing)*6)*calc(1 - var(--tw-space-y-reverse)))}:where(.space-x-1>:not(:last-child)){--tw-space-x-reverse:0;margin-inline-start:calc(calc(var(--spacing)*1)*var(--tw-space-x-reverse));margin-inline-end:calc(calc(var(--spacing)*1)*calc(1 - var(--tw-space-x-reverse)))}.overflow-hidden{overflow:hidden}.rounded-full{border-radius:3.40282e38px}.border-4{border-style:var(--tw-border-style);border-width:4px}.border-\\[\\#012956\\]{border-color:#012956}.bg-\\[\\#012956\\]{background-color:#012956}.bg-\\[\\#fdfcf9\\]{background-color:#fdfcf9}.bg-white{background-color:var(--color-white)}.bg-\\[url\\(\\&\\#x27\\;\\/fondoMadera\\.jpeg\\&\\#x27\\;\\)\\]{background-image:url(" + ___CSS_LOADER_URL_REPLACEMENT_0___ + ")}.bg-\\[url\\(\\'\\/fondoMadera\\.jpeg\\'\\)\\]{background-image:url(/fondoMadera.jpeg)}.bg-cover{background-size:cover}.bg-center{background-position:50%}.object-contain{object-fit:contain}.p-4{padding:calc(var(--spacing)*4)}.p-6{padding:calc(var(--spacing)*6)}.p-8{padding:calc(var(--spacing)*8)}.text-center{text-align:center}.font-serif{font-family:var(--font-serif)}.text-lg{font-size:var(--text-lg);line-height:var(--tw-leading,var(--text-lg--line-height))}.text-xl{font-size:var(--text-xl);line-height:var(--tw-leading,var(--text-xl--line-height))}.text-\\[10px\\]{font-size:10px}.text-\\[12px\\]{font-size:12px}.leading-relaxed{--tw-leading:var(--leading-relaxed);line-height:var(--leading-relaxed)}.font-bold{--tw-font-weight:var(--font-weight-bold);font-weight:var(--font-weight-bold)}.text-gray-800{color:var(--color-gray-800)}.text-gray-900{color:var(--color-gray-900)}.italic{font-style:italic}.antialiased{-webkit-font-smoothing:antialiased;-moz-osx-font-smoothing:grayscale}.shadow{--tw-shadow:0 1px 3px 0 var(--tw-shadow-color,#0000001a),0 1px 2px -1px var(--tw-shadow-color,#0000001a);box-shadow:var(--tw-inset-shadow),var(--tw-inset-ring-shadow),var(--tw-ring-offset-shadow),var(--tw-ring-shadow),var(--tw-shadow)}.shadow-lg{--tw-shadow:0 10px 15px -3px var(--tw-shadow-color,#0000001a),0 4px 6px -4px var(--tw-shadow-color,#0000001a);box-shadow:var(--tw-inset-shadow),var(--tw-inset-ring-shadow),var(--tw-ring-offset-shadow),var(--tw-ring-shadow),var(--tw-shadow)}.blur{--tw-blur:blur(8px);filter:var(--tw-blur,)var(--tw-brightness,)var(--tw-contrast,)var(--tw-grayscale,)var(--tw-hue-rotate,)var(--tw-invert,)var(--tw-saturate,)var(--tw-sepia,)var(--tw-drop-shadow,)}@media (min-width:48rem){.md\\:mb-0{margin-bottom:calc(var(--spacing)*0)}.md\\:flex-row{flex-direction:row}:where(.md\\:space-y-0>:not(:last-child)){--tw-space-y-reverse:0;margin-block-start:calc(calc(var(--spacing)*0)*var(--tw-space-y-reverse));margin-block-end:calc(calc(var(--spacing)*0)*calc(1 - var(--tw-space-y-reverse)))}:where(.md\\:space-x-2>:not(:last-child)){--tw-space-x-reverse:0;margin-inline-start:calc(calc(var(--spacing)*2)*var(--tw-space-x-reverse));margin-inline-end:calc(calc(var(--spacing)*2)*calc(1 - var(--tw-space-x-reverse)))}:where(.md\\:space-x-4>:not(:last-child)){--tw-space-x-reverse:0;margin-inline-start:calc(calc(var(--spacing)*4)*var(--tw-space-x-reverse));margin-inline-end:calc(calc(var(--spacing)*4)*calc(1 - var(--tw-space-x-reverse)))}.md\\:text-xl{font-size:var(--text-xl);line-height:var(--tw-leading,var(--text-xl--line-height))}}}:root{--background:#fff;--foreground:#171717}@media (prefers-color-scheme:dark){:root{--background:#0a0a0a;--foreground:#ededed}}body{background:var(--background);color:var(--foreground);font-family:var(--font-exo),Arial,sans-serif}@property --tw-rotate-x{syntax:\"*\";inherits:false}@property --tw-rotate-y{syntax:\"*\";inherits:false}@property --tw-rotate-z{syntax:\"*\";inherits:false}@property --tw-skew-x{syntax:\"*\";inherits:false}@property --tw-skew-y{syntax:\"*\";inherits:false}@property --tw-space-y-reverse{syntax:\"*\";inherits:false;initial-value:0}@property --tw-space-x-reverse{syntax:\"*\";inherits:false;initial-value:0}@property --tw-border-style{syntax:\"*\";inherits:false;initial-value:solid}@property --tw-leading{syntax:\"*\";inherits:false}@property --tw-font-weight{syntax:\"*\";inherits:false}@property --tw-shadow{syntax:\"*\";inherits:false;initial-value:0 0 #0000}@property --tw-shadow-color{syntax:\"*\";inherits:false}@property --tw-shadow-alpha{syntax:\"<percentage>\";inherits:false;initial-value:100%}@property --tw-inset-shadow{syntax:\"*\";inherits:false;initial-value:0 0 #0000}@property --tw-inset-shadow-color{syntax:\"*\";inherits:false}@property --tw-inset-shadow-alpha{syntax:\"<percentage>\";inherits:false;initial-value:100%}@property --tw-ring-color{syntax:\"*\";inherits:false}@property --tw-ring-shadow{syntax:\"*\";inherits:false;initial-value:0 0 #0000}@property --tw-inset-ring-color{syntax:\"*\";inherits:false}@property --tw-inset-ring-shadow{syntax:\"*\";inherits:false;initial-value:0 0 #0000}@property --tw-ring-inset{syntax:\"*\";inherits:false}@property --tw-ring-offset-width{syntax:\"<length>\";inherits:false;initial-value:0}@property --tw-ring-offset-color{syntax:\"*\";inherits:false;initial-value:#fff}@property --tw-ring-offset-shadow{syntax:\"*\";inherits:false;initial-value:0 0 #0000}@property --tw-blur{syntax:\"*\";inherits:false}@property --tw-brightness{syntax:\"*\";inherits:false}@property --tw-contrast{syntax:\"*\";inherits:false}@property --tw-grayscale{syntax:\"*\";inherits:false}@property --tw-hue-rotate{syntax:\"*\";inherits:false}@property --tw-invert{syntax:\"*\";inherits:false}@property --tw-opacity{syntax:\"*\";inherits:false}@property --tw-saturate{syntax:\"*\";inherits:false}@property --tw-sepia{syntax:\"*\";inherits:false}@property --tw-drop-shadow{syntax:\"*\";inherits:false}@property --tw-drop-shadow-color{syntax:\"*\";inherits:false}@property --tw-drop-shadow-alpha{syntax:\"<percentage>\";inherits:false;initial-value:100%}@property --tw-drop-shadow-size{syntax:\"*\";inherits:false}\n", ""]);
18 | // Exports
19 | /* harmony default export */ const __WEBPACK_DEFAULT_EXPORT__ = (___CSS_LOADER_EXPORT___);
20 | 

Import trace for requested module:
./app/globals.css


> Build failed because of webpack errors

[debug] [2025-09-12T22:12:01.668Z] Error: ENOENT: no such file or directory, open 'C:\Users\Rachix\Desktop\Nueva carpeta\Revista_Negocio\.next\export-marker.json'
[error] 
[error] Error: An unexpected error has occurred.
